═══════════════════════════════════════════════════
  P0 Tenant Isolation — Bölüm 3 Test Report
  Sat Feb 21 21:05:01 +03 2026
═══════════════════════════════════════════════════

━━━ Bölüm 3 — Docs Isolation ━━━
ERROR: file or directory not found: tests/test_workshop_docs_isolation.py

============================= test session starts ==============================
platform darwin -- Python 3.13.2, pytest-8.3.4, pluggy-1.6.0
rootdir: /Users/umutsoyyilmaz/Downloads/SAP_Transformation_Platform-main
configfile: pyproject.toml
plugins: anyio-4.12.1, flask-1.3.0
collected 0 items

============================ no tests ran in 0.00s =============================

━━━ Bölüm 2 — Session Isolation ━━━
ERROR: file or directory not found: tests/test_workshop_session_isolation.py

============================= test session starts ==============================
platform darwin -- Python 3.13.2, pytest-8.3.4, pluggy-1.6.0
rootdir: /Users/umutsoyyilmaz/Downloads/SAP_Transformation_Platform-main
configfile: pyproject.toml
plugins: anyio-4.12.1, flask-1.3.0
collected 0 items

============================ no tests ran in 0.00s =============================

━━━ Bölüm 1 — Scoped Queries ━━━
============================= test session starts ==============================
platform darwin -- Python 3.13.2, pytest-8.3.4, pluggy-1.6.0
rootdir: /Users/umutsoyyilmaz/Downloads/SAP_Transformation_Platform-main
configfile: pyproject.toml
plugins: anyio-4.12.1, flask-1.3.0
collected 2725 items / 2709 deselected / 16 selected

tests/test_scoped_queries.py ................                            [100%]

===================== 16 passed, 2709 deselected in 2.28s ======================

━━━ Workshop/Explore Regression ━━━
=============================== warnings summary ===============================
tests/test_explore.py::TestProcessLevelModel::test_l3_consolidated_fields
  /Users/umutsoyyilmaz/Downloads/SAP_Transformation_Platform-main/tests/test_explore.py:243: DeprecationWarning: datetime.datetime.utcnow() is deprecated and scheduled for removal in a future version. Use timezone-aware objects to represent datetimes in UTC: datetime.datetime.now(datetime.UTC).
    l3.consolidated_decided_at = datetime.utcnow()

tests/test_explore.py::TestProcessLevelModel::test_l2_readiness_fields
  /Users/umutsoyyilmaz/Downloads/SAP_Transformation_Platform-main/tests/test_explore.py:260: DeprecationWarning: datetime.datetime.utcnow() is deprecated and scheduled for removal in a future version. Use timezone-aware objects to represent datetimes in UTC: datetime.datetime.now(datetime.UTC).
    l2.confirmed_at = datetime.utcnow()

tests/test_explore.py::TestExploreWorkshopModel::test_workshop_timestamps
  /Users/umutsoyyilmaz/Downloads/SAP_Transformation_Platform-main/tests/test_explore.py:330: DeprecationWarning: datetime.datetime.utcnow() is deprecated and scheduled for removal in a future version. Use timezone-aware objects to represent datetimes in UTC: datetime.datetime.now(datetime.UTC).
    now = datetime.utcnow()

tests/test_explore.py::TestExploreRequirementModel::test_req_alm_fields
  /Users/umutsoyyilmaz/Downloads/SAP_Transformation_Platform-main/tests/test_explore.py:605: DeprecationWarning: datetime.datetime.utcnow() is deprecated and scheduled for removal in a future version. Use timezone-aware objects to represent datetimes in UTC: datetime.datetime.now(datetime.UTC).
    req.alm_synced_at = datetime.utcnow()

tests/test_explore.py::TestWorkshopAPI::test_complete_workshop
  /Users/umutsoyyilmaz/Downloads/SAP_Transformation_Platform-main/tests/test_explore.py:1027: DeprecationWarning: datetime.datetime.utcnow() is deprecated and scheduled for removal in a future version. Use timezone-aware objects to represent datetimes in UTC: datetime.datetime.now(datetime.UTC).
    ws.started_at = datetime.utcnow()

tests/test_explore.py::TestWorkshopCompletionRules::test_can_complete_in_progress
  /Users/umutsoyyilmaz/Downloads/SAP_Transformation_Platform-main/tests/test_explore.py:1673: DeprecationWarning: datetime.datetime.utcnow() is deprecated and scheduled for removal in a future version. Use timezone-aware objects to represent datetimes in UTC: datetime.datetime.now(datetime.UTC).
    ws.started_at = datetime.utcnow()

-- Docs: https://docs.pytest.org/en/stable/how-to/capture-warnings.html
=========================== short test summary info ============================
FAILED tests/test_workshop_integration_mapping.py::TestInlineFormDecision::test_create_decision_with_frontend_field_name
!!!!!!!!!!!!!!!!!!!!!!!!!! stopping after 1 failures !!!!!!!!!!!!!!!!!!!!!!!!!!!
1 failed, 284 passed, 1 skipped, 2422 deselected, 6 warnings in 26.34s

━━━ Full Suite Smoke ━━━

tests/test_explore.py::TestProcessLevelModel::test_l3_consolidated_fields
  /Users/umutsoyyilmaz/Downloads/SAP_Transformation_Platform-main/tests/test_explore.py:243: DeprecationWarning: datetime.datetime.utcnow() is deprecated and scheduled for removal in a future version. Use timezone-aware objects to represent datetimes in UTC: datetime.datetime.now(datetime.UTC).
    l3.consolidated_decided_at = datetime.utcnow()

tests/test_explore.py::TestProcessLevelModel::test_l2_readiness_fields
  /Users/umutsoyyilmaz/Downloads/SAP_Transformation_Platform-main/tests/test_explore.py:260: DeprecationWarning: datetime.datetime.utcnow() is deprecated and scheduled for removal in a future version. Use timezone-aware objects to represent datetimes in UTC: datetime.datetime.now(datetime.UTC).
    l2.confirmed_at = datetime.utcnow()

tests/test_explore.py::TestExploreWorkshopModel::test_workshop_timestamps
  /Users/umutsoyyilmaz/Downloads/SAP_Transformation_Platform-main/tests/test_explore.py:330: DeprecationWarning: datetime.datetime.utcnow() is deprecated and scheduled for removal in a future version. Use timezone-aware objects to represent datetimes in UTC: datetime.datetime.now(datetime.UTC).
    now = datetime.utcnow()

tests/test_explore.py::TestExploreRequirementModel::test_req_alm_fields
  /Users/umutsoyyilmaz/Downloads/SAP_Transformation_Platform-main/tests/test_explore.py:605: DeprecationWarning: datetime.datetime.utcnow() is deprecated and scheduled for removal in a future version. Use timezone-aware objects to represent datetimes in UTC: datetime.datetime.now(datetime.UTC).
    req.alm_synced_at = datetime.utcnow()

tests/test_explore.py::TestWorkshopAPI::test_complete_workshop
  /Users/umutsoyyilmaz/Downloads/SAP_Transformation_Platform-main/tests/test_explore.py:1027: DeprecationWarning: datetime.datetime.utcnow() is deprecated and scheduled for removal in a future version. Use timezone-aware objects to represent datetimes in UTC: datetime.datetime.now(datetime.UTC).
    ws.started_at = datetime.utcnow()

tests/test_explore.py::TestWorkshopCompletionRules::test_can_complete_in_progress
  /Users/umutsoyyilmaz/Downloads/SAP_Transformation_Platform-main/tests/test_explore.py:1673: DeprecationWarning: datetime.datetime.utcnow() is deprecated and scheduled for removal in a future version. Use timezone-aware objects to represent datetimes in UTC: datetime.datetime.now(datetime.UTC).
    ws.started_at = datetime.utcnow()

-- Docs: https://docs.pytest.org/en/stable/how-to/capture-warnings.html
=========================== short test summary info ============================
FAILED tests/test_final_polish.py::TestNoDeprecatedQueryGet::test_no_query_get_in_app
!!!!!!!!!!!!!!!!!!!!!!!!!! stopping after 1 failures !!!!!!!!!!!!!!!!!!!!!!!!!!!
1 failed, 1615 passed, 3 skipped, 11 deselected, 1 xfailed, 59 warnings in 135.25s (0:02:15)
